<?xml version="1.0" encoding="UTF-8"?>
<!-- Generated by org.testng.reporters.JUnitReportReporter -->
<testsuite hostname="DESKTOP-QPSSDP5" failures="0" tests="4" name="Test_Runner.Runner" time="153.473" errors="0" timestamp="2024-04-10T16:45:35 IST" skipped="0">
  <testcase classname="Test_Runner.Runner" name="runScenario" time="36.853"/>
  <system-out/>
  <testcase classname="Test_Runner.Runner" name="runScenario" time="19.091"/>
  <system-out/>
  <testcase classname="Test_Runner.Runner" name="runScenario" time="61.728"/>
  <system-out/>
  <testcase classname="Test_Runner.Runner" name="runScenario" time="35.801"/>
  <system-out/>
</testsuite> <!-- Test_Runner.Runner -->
